Using pre-set license
Built from '2021.1/staging' branch; Version is '2021.1.17f1 (03b40fe07a36) revision 242703'; Using compiler version '192528614'; Build Type 'Release'
OS: 'Windows 10 Home; OS build 19043.1165; Version 2009; 64bit' Language: 'fr' Physical Memory: 8000 MB
BatchMode: 1, IsHumanControllingUs: 0, StartBugReporterOnCrash: 0, Is64bit: 1, IsPro: 0

 COMMAND LINE ARGUMENTS:
C:\Program Files\Unity\Hub\Editor\2021.1.17f1\Editor\Unity.exe
-adb2
-batchMode
-noUpm
-name
AssetImportWorker0
-projectPath
C:/Users/alban/OneDrive/Documents/Work/Unity-project/Berdrandt-project
-logFile
Logs/AssetImportWorker0.log
-srvPort
62913
Successfully changed project path to: C:/Users/alban/OneDrive/Documents/Work/Unity-project/Berdrandt-project
C:/Users/alban/OneDrive/Documents/Work/Unity-project/Berdrandt-project
Using Asset Import Pipeline V2.
Refreshing native plugins compatible for Editor in 157.02 ms, found 3 plugins.
Preloading 0 native plugins for Editor in 0.00 ms.
Initialize engine version: 2021.1.17f1 (03b40fe07a36)
[Subsystems] Discovering subsystems at path C:/Program Files/Unity/Hub/Editor/2021.1.17f1/Editor/Data/Resources/UnitySubsystems
[Subsystems] Discovering subsystems at path C:/Users/alban/OneDrive/Documents/Work/Unity-project/Berdrandt-project/Assets
GfxDevice: creating device client; threaded=0; jobified=0
Direct3D:
    Version:  Direct3D 11.0 [level 11.1]
    Renderer: NVIDIA GeForce GTX 1050 (ID=0x1c91)
    Vendor:   NVIDIA
    VRAM:     2996 MB
    Driver:   27.21.14.5763
Initialize mono
Mono path[0] = 'C:/Program Files/Unity/Hub/Editor/2021.1.17f1/Editor/Data/Managed'
Mono path[1] = 'C:/Program Files/Unity/Hub/Editor/2021.1.17f1/Editor/Data/MonoBleedingEdge/lib/mono/unityjit'
Mono config path = 'C:/Program Files/Unity/Hub/Editor/2021.1.17f1/Editor/Data/MonoBleedingEdge/etc'
Using monoOptions --debugger-agent=transport=dt_socket,embedding=1,server=y,suspend=n,address=127.0.0.1:56748
Begin MonoManager ReloadAssembly
Registering precompiled unity dll's ...
Register platform support module: C:/Program Files/Unity/Hub/Editor/2021.1.17f1/Editor/Data/PlaybackEngines/WindowsStandaloneSupport/UnityEditor.WindowsStandalone.Extensions.dll
Registered in 0.004618 seconds.
Native extension for WindowsStandalone target not found
Refreshing native plugins compatible for Editor in 110.34 ms, found 3 plugins.
Preloading 0 native plugins for Editor in 0.00 ms.
Mono: successfully reloaded assembly
- Completed reload, in  5.850 seconds
Domain Reload Profiling:
	ReloadAssembly (5851ms)
		BeginReloadAssembly (154ms)
			ExecutionOrderSort (0ms)
			DisableScriptedObjects (0ms)
			BackupInstance (0ms)
			ReleaseScriptingObjects (0ms)
			CreateAndSetChildDomain (2ms)
		EndReloadAssembly (653ms)
			LoadAssemblies (149ms)
			RebuildTransferFunctionScriptingTraits (2ms)
			SetupTypeCache (221ms)
			ReleaseScriptCaches (0ms)
			RebuildScriptCaches (34ms)
			SetupLoadedEditorAssemblies (322ms)
				LogAssemblyErrors (0ms)
				InitializePlatformSupportModulesInManaged (9ms)
				SetLoadedEditorAssemblies (0ms)
				RefreshPlugins (110ms)
				BeforeProcessingInitializeOnLoad (3ms)
				ProcessInitializeOnLoadAttributes (150ms)
				ProcessInitializeOnLoadMethodAttributes (49ms)
				AfterProcessingInitializeOnLoad (0ms)
				EditorAssembliesLoaded (1ms)
			ExecutionOrderSort2 (0ms)
			AwakeInstancesAfterBackupRestoration (0ms)
Platform modules already initialized, skipping
Registering precompiled user dll's ...
Registered in 0.027309 seconds.
Begin MonoManager ReloadAssembly
Symbol file LoadedFromMemory doesn't match image C:\Users\alban\OneDrive\Documents\Work\Unity-project\Berdrandt-project\Library\PackageCache\com.unity.visualscripting@1.6.1\Editor\VisualScripting.Core\Dependencies\YamlDotNet\Unity.VisualScripting.YamlDotNet.dll
Symbol file LoadedFromMemory doesn't match image C:\Users\alban\OneDrive\Documents\Work\Unity-project\Berdrandt-project\Library\PackageCache\com.unity.visualscripting@1.6.1\Editor\VisualScripting.Core\Dependencies\DotNetZip\Unity.VisualScripting.IonicZip.dll
Native extension for WindowsStandalone target not found
Refreshing native plugins compatible for Editor in 146.03 ms, found 3 plugins.
Preloading 0 native plugins for Editor in 0.00 ms.
Mono: successfully reloaded assembly
- Completed reload, in  2.257 seconds
Domain Reload Profiling:
	ReloadAssembly (2258ms)
		BeginReloadAssembly (242ms)
			ExecutionOrderSort (0ms)
			DisableScriptedObjects (7ms)
			BackupInstance (0ms)
			ReleaseScriptingObjects (0ms)
			CreateAndSetChildDomain (28ms)
		EndReloadAssembly (1911ms)
			LoadAssemblies (230ms)
			RebuildTransferFunctionScriptingTraits (0ms)
			SetupTypeCache (586ms)
			ReleaseScriptCaches (1ms)
			RebuildScriptCaches (96ms)
			SetupLoadedEditorAssemblies (829ms)
				LogAssemblyErrors (0ms)
				InitializePlatformSupportModulesInManaged (7ms)
				SetLoadedEditorAssemblies (0ms)
				RefreshPlugins (146ms)
				BeforeProcessingInitializeOnLoad (164ms)
				ProcessInitializeOnLoadAttributes (488ms)
				ProcessInitializeOnLoadMethodAttributes (8ms)
				AfterProcessingInitializeOnLoad (15ms)
				EditorAssembliesLoaded (2ms)
			ExecutionOrderSort2 (0ms)
			AwakeInstancesAfterBackupRestoration (10ms)
Platform modules already initialized, skipping
========================================================================
Worker process is ready to serve import requests
Launched and connected shader compiler UnityShaderCompiler.exe after 0.16 seconds
Refreshing native plugins compatible for Editor in 0.78 ms, found 3 plugins.
Preloading 0 native plugins for Editor in 0.00 ms.
Unloading 3374 Unused Serialized files (Serialized files now loaded: 0)
System memory in use before: 121.9 MB.
System memory in use after: 122.1 MB.

Unloading 24 unused Assets to reduce memory usage. Loaded Objects now: 3823.
Total: 12.664500 ms (FindLiveObjects: 0.431600 ms CreateObjectMapping: 0.132300 ms MarkObjects: 11.963100 ms  DeleteObjects: 0.134600 ms)

AssetImportParameters requested are different than current active one (requested -> active):
  custom:framework-win-MediaFoundation: 216162199b28c13a410421893ffa2e32 -> 
  custom:video-decoder-ogg-theora: a1e56fd34408186e4bbccfd4996cb3dc -> 
  custom:container-muxer-webm: aa71ff27fc2769a1b78a27578f13a17b -> 
  custom:container-demuxer-webm: 4f35f7cbe854078d1ac9338744f61a02 -> 
  custom:container-demuxer-ogg: 62fdf1f143b41e24485cea50d1cbac27 -> 
  custom:video-encoder-webm-vp8: eb34c28f22e8b96e1ab97ce403110664 -> 
  custom:video-codec-MediaFoundation-h265: 746d11721c4dcdbdad8f713fa42b33f4 -> 
  custom:video-decoder-webm-vp8: 9c59270c3fd7afecdb556c50c9e8de78 -> 
  custom:audio-decoder-ogg-vorbis: bf7c407c2cedff20999df2af8eb42d56 -> 
  custom:audio-encoder-webm-vorbis: bf7c407c2cedff20999df2af8eb42d56 -> 
========================================================================
Received Import Request.
  path: Assets/AR DEMO/To Get.prefab
  artifactKey: Guid(ecbdd27c9a7790b49a822a66c6dcf498) Importer(815301076,1909f56bfc062723c751e8b465ee728b)
Start importing Assets/AR DEMO/To Get.prefab using Guid(ecbdd27c9a7790b49a822a66c6dcf498) Importer(815301076,1909f56bfc062723c751e8b465ee728b)  -> (artifact id: '803ae8e3f6b13539f1dd114a718c83bc') in 0.092773 seconds 
========================================================================
Received Import Request.
  Time since last request: 639.022746 seconds.
  path: Assets/AR DEMO/Spiner/GameControl.prefab
  artifactKey: Guid(6808110933074d54aaf4ed8cd40758dd) Importer(815301076,1909f56bfc062723c751e8b465ee728b)
Start importing Assets/AR DEMO/Spiner/GameControl.prefab using Guid(6808110933074d54aaf4ed8cd40758dd) Importer(815301076,1909f56bfc062723c751e8b465ee728b)  -> (artifact id: '31e82a5ccdbb26adb792064a214db6af') in 0.136068 seconds 
========================================================================
Received Import Request.
  Time since last request: 6.577665 seconds.
  path: Assets/AR DEMO/Materials/cross.mat
  artifactKey: Guid(a5bcd849bc94877428a69c6dcde582e9) Importer(815301076,1909f56bfc062723c751e8b465ee728b)
Start importing Assets/AR DEMO/Materials/cross.mat using Guid(a5bcd849bc94877428a69c6dcde582e9) Importer(815301076,1909f56bfc062723c751e8b465ee728b)  -> (artifact id: 'a6a38fb3eea6e875bcaa3c6224cd53f7') in 0.062925 seconds 
========================================================================
Received Import Request.
  Time since last request: 0.000302 seconds.
  path: Assets/AR DEMO/Materials/rosace.mat
  artifactKey: Guid(c3f3a479056926747b4920c637fcf802) Importer(815301076,1909f56bfc062723c751e8b465ee728b)
Start importing Assets/AR DEMO/Materials/rosace.mat using Guid(c3f3a479056926747b4920c637fcf802) Importer(815301076,1909f56bfc062723c751e8b465ee728b)  -> (artifact id: 'cb09bf6a83c431563d2c551f2418fd6a') in 0.017814 seconds 
========================================================================
Received Import Request.
  Time since last request: 38.397213 seconds.
  path: Assets/Scripts/TapToPlace.cs
  artifactKey: Guid(e59f09fa8897dd046b3c135689927f14) Importer(815301076,1909f56bfc062723c751e8b465ee728b)
Start importing Assets/Scripts/TapToPlace.cs using Guid(e59f09fa8897dd046b3c135689927f14) Importer(815301076,1909f56bfc062723c751e8b465ee728b)  -> (artifact id: '45b1a016b0e97986392da7d5ab57915b') in 0.017105 seconds 
AssetImportWorkerClient::OnTransportError - code=2 error=End of file
